2023-03-10 13:07:54 |WARN  |main |DuplicateJsonObjectContextCustomizerFactory.java:78 |org.springframework.boot.test.json.DuplicateJsonObjectContextCustomizerFactory$DuplicateJsonObjectContextCustomizer |

Found multiple occurrences of org.json.JSONObject on the class path:

	jar:file:/C:/Users/12042/.m2/repository/org/json/json/20170516/json-20170516.jar!/org/json/JSONObject.class
	jar:file:/C:/Users/12042/.m2/repository/com/vaadin/external/google/android-json/0.0.20131108.vaadin1/android-json-0.0.20131108.vaadin1.jar!/org/json/JSONObject.class

You may wish to exclude one of them to ensure predictable runtime behavior

2023-03-10 13:07:57 |WARN  |main |URLConfigurationSource.java:121 |com.netflix.config.sources.URLConfigurationSource |No URLs will be polled as dynamic configuration sources.
2023-03-10 13:07:57 |WARN  |main |URLConfigurationSource.java:121 |com.netflix.config.sources.URLConfigurationSource |No URLs will be polled as dynamic configuration sources.
2023-03-10 13:09:53 |WARN  |main |DuplicateJsonObjectContextCustomizerFactory.java:78 |org.springframework.boot.test.json.DuplicateJsonObjectContextCustomizerFactory$DuplicateJsonObjectContextCustomizer |

Found multiple occurrences of org.json.JSONObject on the class path:

	jar:file:/C:/Users/12042/.m2/repository/org/json/json/20170516/json-20170516.jar!/org/json/JSONObject.class
	jar:file:/C:/Users/12042/.m2/repository/com/vaadin/external/google/android-json/0.0.20131108.vaadin1/android-json-0.0.20131108.vaadin1.jar!/org/json/JSONObject.class

You may wish to exclude one of them to ensure predictable runtime behavior

2023-03-10 13:09:56 |WARN  |main |URLConfigurationSource.java:121 |com.netflix.config.sources.URLConfigurationSource |No URLs will be polled as dynamic configuration sources.
2023-03-10 13:09:56 |WARN  |main |URLConfigurationSource.java:121 |com.netflix.config.sources.URLConfigurationSource |No URLs will be polled as dynamic configuration sources.
2023-03-10 14:07:56 |WARN  |main |DuplicateJsonObjectContextCustomizerFactory.java:78 |org.springframework.boot.test.json.DuplicateJsonObjectContextCustomizerFactory$DuplicateJsonObjectContextCustomizer |

Found multiple occurrences of org.json.JSONObject on the class path:

	jar:file:/C:/Users/12042/.m2/repository/org/json/json/20170516/json-20170516.jar!/org/json/JSONObject.class
	jar:file:/C:/Users/12042/.m2/repository/com/vaadin/external/google/android-json/0.0.20131108.vaadin1/android-json-0.0.20131108.vaadin1.jar!/org/json/JSONObject.class

You may wish to exclude one of them to ensure predictable runtime behavior

2023-03-10 14:07:59 |WARN  |main |URLConfigurationSource.java:121 |com.netflix.config.sources.URLConfigurationSource |No URLs will be polled as dynamic configuration sources.
2023-03-10 14:07:59 |WARN  |main |URLConfigurationSource.java:121 |com.netflix.config.sources.URLConfigurationSource |No URLs will be polled as dynamic configuration sources.
2023-03-10 14:14:58 |WARN  |main |DuplicateJsonObjectContextCustomizerFactory.java:78 |org.springframework.boot.test.json.DuplicateJsonObjectContextCustomizerFactory$DuplicateJsonObjectContextCustomizer |

Found multiple occurrences of org.json.JSONObject on the class path:

	jar:file:/C:/Users/12042/.m2/repository/org/json/json/20170516/json-20170516.jar!/org/json/JSONObject.class
	jar:file:/C:/Users/12042/.m2/repository/com/vaadin/external/google/android-json/0.0.20131108.vaadin1/android-json-0.0.20131108.vaadin1.jar!/org/json/JSONObject.class

You may wish to exclude one of them to ensure predictable runtime behavior

2023-03-10 14:15:00 |WARN  |main |URLConfigurationSource.java:121 |com.netflix.config.sources.URLConfigurationSource |No URLs will be polled as dynamic configuration sources.
2023-03-10 14:15:00 |WARN  |main |URLConfigurationSource.java:121 |com.netflix.config.sources.URLConfigurationSource |No URLs will be polled as dynamic configuration sources.
2023-03-10 14:15:38 |WARN  |main |DuplicateJsonObjectContextCustomizerFactory.java:78 |org.springframework.boot.test.json.DuplicateJsonObjectContextCustomizerFactory$DuplicateJsonObjectContextCustomizer |

Found multiple occurrences of org.json.JSONObject on the class path:

	jar:file:/C:/Users/12042/.m2/repository/org/json/json/20170516/json-20170516.jar!/org/json/JSONObject.class
	jar:file:/C:/Users/12042/.m2/repository/com/vaadin/external/google/android-json/0.0.20131108.vaadin1/android-json-0.0.20131108.vaadin1.jar!/org/json/JSONObject.class

You may wish to exclude one of them to ensure predictable runtime behavior

2023-03-10 14:15:40 |WARN  |main |URLConfigurationSource.java:121 |com.netflix.config.sources.URLConfigurationSource |No URLs will be polled as dynamic configuration sources.
2023-03-10 14:15:40 |WARN  |main |URLConfigurationSource.java:121 |com.netflix.config.sources.URLConfigurationSource |No URLs will be polled as dynamic configuration sources.
2023-03-10 14:19:53 |WARN  |main |DuplicateJsonObjectContextCustomizerFactory.java:78 |org.springframework.boot.test.json.DuplicateJsonObjectContextCustomizerFactory$DuplicateJsonObjectContextCustomizer |

Found multiple occurrences of org.json.JSONObject on the class path:

	jar:file:/C:/Users/12042/.m2/repository/org/json/json/20170516/json-20170516.jar!/org/json/JSONObject.class
	jar:file:/C:/Users/12042/.m2/repository/com/vaadin/external/google/android-json/0.0.20131108.vaadin1/android-json-0.0.20131108.vaadin1.jar!/org/json/JSONObject.class

You may wish to exclude one of them to ensure predictable runtime behavior

2023-03-10 14:19:56 |WARN  |main |URLConfigurationSource.java:121 |com.netflix.config.sources.URLConfigurationSource |No URLs will be polled as dynamic configuration sources.
2023-03-10 14:19:56 |WARN  |main |URLConfigurationSource.java:121 |com.netflix.config.sources.URLConfigurationSource |No URLs will be polled as dynamic configuration sources.
2023-03-10 14:20:44 |WARN  |main |DuplicateJsonObjectContextCustomizerFactory.java:78 |org.springframework.boot.test.json.DuplicateJsonObjectContextCustomizerFactory$DuplicateJsonObjectContextCustomizer |

Found multiple occurrences of org.json.JSONObject on the class path:

	jar:file:/C:/Users/12042/.m2/repository/org/json/json/20170516/json-20170516.jar!/org/json/JSONObject.class
	jar:file:/C:/Users/12042/.m2/repository/com/vaadin/external/google/android-json/0.0.20131108.vaadin1/android-json-0.0.20131108.vaadin1.jar!/org/json/JSONObject.class

You may wish to exclude one of them to ensure predictable runtime behavior

2023-03-10 14:20:47 |WARN  |main |URLConfigurationSource.java:121 |com.netflix.config.sources.URLConfigurationSource |No URLs will be polled as dynamic configuration sources.
2023-03-10 14:20:47 |WARN  |main |URLConfigurationSource.java:121 |com.netflix.config.sources.URLConfigurationSource |No URLs will be polled as dynamic configuration sources.
2023-03-10 14:33:13 |WARN  |main |DuplicateJsonObjectContextCustomizerFactory.java:78 |org.springframework.boot.test.json.DuplicateJsonObjectContextCustomizerFactory$DuplicateJsonObjectContextCustomizer |

Found multiple occurrences of org.json.JSONObject on the class path:

	jar:file:/C:/Users/12042/.m2/repository/org/json/json/20170516/json-20170516.jar!/org/json/JSONObject.class
	jar:file:/C:/Users/12042/.m2/repository/com/vaadin/external/google/android-json/0.0.20131108.vaadin1/android-json-0.0.20131108.vaadin1.jar!/org/json/JSONObject.class

You may wish to exclude one of them to ensure predictable runtime behavior

2023-03-10 14:33:16 |WARN  |main |URLConfigurationSource.java:121 |com.netflix.config.sources.URLConfigurationSource |No URLs will be polled as dynamic configuration sources.
2023-03-10 14:33:16 |WARN  |main |URLConfigurationSource.java:121 |com.netflix.config.sources.URLConfigurationSource |No URLs will be polled as dynamic configuration sources.
2023-03-10 14:34:01 |WARN  |main |DuplicateJsonObjectContextCustomizerFactory.java:78 |org.springframework.boot.test.json.DuplicateJsonObjectContextCustomizerFactory$DuplicateJsonObjectContextCustomizer |

Found multiple occurrences of org.json.JSONObject on the class path:

	jar:file:/C:/Users/12042/.m2/repository/org/json/json/20170516/json-20170516.jar!/org/json/JSONObject.class
	jar:file:/C:/Users/12042/.m2/repository/com/vaadin/external/google/android-json/0.0.20131108.vaadin1/android-json-0.0.20131108.vaadin1.jar!/org/json/JSONObject.class

You may wish to exclude one of them to ensure predictable runtime behavior

2023-03-10 14:34:04 |WARN  |main |URLConfigurationSource.java:121 |com.netflix.config.sources.URLConfigurationSource |No URLs will be polled as dynamic configuration sources.
2023-03-10 14:34:04 |WARN  |main |URLConfigurationSource.java:121 |com.netflix.config.sources.URLConfigurationSource |No URLs will be polled as dynamic configuration sources.
2023-03-10 14:36:21 |WARN  |main |DuplicateJsonObjectContextCustomizerFactory.java:78 |org.springframework.boot.test.json.DuplicateJsonObjectContextCustomizerFactory$DuplicateJsonObjectContextCustomizer |

Found multiple occurrences of org.json.JSONObject on the class path:

	jar:file:/C:/Users/12042/.m2/repository/org/json/json/20170516/json-20170516.jar!/org/json/JSONObject.class
	jar:file:/C:/Users/12042/.m2/repository/com/vaadin/external/google/android-json/0.0.20131108.vaadin1/android-json-0.0.20131108.vaadin1.jar!/org/json/JSONObject.class

You may wish to exclude one of them to ensure predictable runtime behavior

2023-03-10 14:36:24 |WARN  |main |URLConfigurationSource.java:121 |com.netflix.config.sources.URLConfigurationSource |No URLs will be polled as dynamic configuration sources.
2023-03-10 14:36:24 |WARN  |main |URLConfigurationSource.java:121 |com.netflix.config.sources.URLConfigurationSource |No URLs will be polled as dynamic configuration sources.
2023-03-10 15:53:14 |WARN  |main |DuplicateJsonObjectContextCustomizerFactory.java:78 |org.springframework.boot.test.json.DuplicateJsonObjectContextCustomizerFactory$DuplicateJsonObjectContextCustomizer |

Found multiple occurrences of org.json.JSONObject on the class path:

	jar:file:/C:/Users/12042/.m2/repository/org/json/json/20170516/json-20170516.jar!/org/json/JSONObject.class
	jar:file:/C:/Users/12042/.m2/repository/com/vaadin/external/google/android-json/0.0.20131108.vaadin1/android-json-0.0.20131108.vaadin1.jar!/org/json/JSONObject.class

You may wish to exclude one of them to ensure predictable runtime behavior

2023-03-10 15:53:17 |WARN  |main |URLConfigurationSource.java:121 |com.netflix.config.sources.URLConfigurationSource |No URLs will be polled as dynamic configuration sources.
2023-03-10 15:53:17 |WARN  |main |URLConfigurationSource.java:121 |com.netflix.config.sources.URLConfigurationSource |No URLs will be polled as dynamic configuration sources.
2023-03-10 15:55:20 |WARN  |main |DuplicateJsonObjectContextCustomizerFactory.java:78 |org.springframework.boot.test.json.DuplicateJsonObjectContextCustomizerFactory$DuplicateJsonObjectContextCustomizer |

Found multiple occurrences of org.json.JSONObject on the class path:

	jar:file:/C:/Users/12042/.m2/repository/org/json/json/20170516/json-20170516.jar!/org/json/JSONObject.class
	jar:file:/C:/Users/12042/.m2/repository/com/vaadin/external/google/android-json/0.0.20131108.vaadin1/android-json-0.0.20131108.vaadin1.jar!/org/json/JSONObject.class

You may wish to exclude one of them to ensure predictable runtime behavior

2023-03-10 15:55:23 |WARN  |main |URLConfigurationSource.java:121 |com.netflix.config.sources.URLConfigurationSource |No URLs will be polled as dynamic configuration sources.
2023-03-10 15:55:23 |WARN  |main |URLConfigurationSource.java:121 |com.netflix.config.sources.URLConfigurationSource |No URLs will be polled as dynamic configuration sources.
2023-03-10 15:56:29 |WARN  |main |DuplicateJsonObjectContextCustomizerFactory.java:78 |org.springframework.boot.test.json.DuplicateJsonObjectContextCustomizerFactory$DuplicateJsonObjectContextCustomizer |

Found multiple occurrences of org.json.JSONObject on the class path:

	jar:file:/C:/Users/12042/.m2/repository/org/json/json/20170516/json-20170516.jar!/org/json/JSONObject.class
	jar:file:/C:/Users/12042/.m2/repository/com/vaadin/external/google/android-json/0.0.20131108.vaadin1/android-json-0.0.20131108.vaadin1.jar!/org/json/JSONObject.class

You may wish to exclude one of them to ensure predictable runtime behavior

2023-03-10 15:56:32 |WARN  |main |URLConfigurationSource.java:121 |com.netflix.config.sources.URLConfigurationSource |No URLs will be polled as dynamic configuration sources.
2023-03-10 15:56:32 |WARN  |main |URLConfigurationSource.java:121 |com.netflix.config.sources.URLConfigurationSource |No URLs will be polled as dynamic configuration sources.
2023-03-10 16:02:34 |WARN  |main |DuplicateJsonObjectContextCustomizerFactory.java:78 |org.springframework.boot.test.json.DuplicateJsonObjectContextCustomizerFactory$DuplicateJsonObjectContextCustomizer |

Found multiple occurrences of org.json.JSONObject on the class path:

	jar:file:/C:/Users/12042/.m2/repository/org/json/json/20170516/json-20170516.jar!/org/json/JSONObject.class
	jar:file:/C:/Users/12042/.m2/repository/com/vaadin/external/google/android-json/0.0.20131108.vaadin1/android-json-0.0.20131108.vaadin1.jar!/org/json/JSONObject.class

You may wish to exclude one of them to ensure predictable runtime behavior

2023-03-10 16:02:37 |WARN  |main |URLConfigurationSource.java:121 |com.netflix.config.sources.URLConfigurationSource |No URLs will be polled as dynamic configuration sources.
2023-03-10 16:02:37 |WARN  |main |URLConfigurationSource.java:121 |com.netflix.config.sources.URLConfigurationSource |No URLs will be polled as dynamic configuration sources.
2023-03-10 16:03:42 |WARN  |main |DuplicateJsonObjectContextCustomizerFactory.java:78 |org.springframework.boot.test.json.DuplicateJsonObjectContextCustomizerFactory$DuplicateJsonObjectContextCustomizer |

Found multiple occurrences of org.json.JSONObject on the class path:

	jar:file:/C:/Users/12042/.m2/repository/org/json/json/20170516/json-20170516.jar!/org/json/JSONObject.class
	jar:file:/C:/Users/12042/.m2/repository/com/vaadin/external/google/android-json/0.0.20131108.vaadin1/android-json-0.0.20131108.vaadin1.jar!/org/json/JSONObject.class

You may wish to exclude one of them to ensure predictable runtime behavior

2023-03-10 16:03:45 |WARN  |main |URLConfigurationSource.java:121 |com.netflix.config.sources.URLConfigurationSource |No URLs will be polled as dynamic configuration sources.
2023-03-10 16:03:45 |WARN  |main |URLConfigurationSource.java:121 |com.netflix.config.sources.URLConfigurationSource |No URLs will be polled as dynamic configuration sources.
2023-03-10 16:08:43 |WARN  |main |DuplicateJsonObjectContextCustomizerFactory.java:78 |org.springframework.boot.test.json.DuplicateJsonObjectContextCustomizerFactory$DuplicateJsonObjectContextCustomizer |

Found multiple occurrences of org.json.JSONObject on the class path:

	jar:file:/C:/Users/12042/.m2/repository/org/json/json/20170516/json-20170516.jar!/org/json/JSONObject.class
	jar:file:/C:/Users/12042/.m2/repository/com/vaadin/external/google/android-json/0.0.20131108.vaadin1/android-json-0.0.20131108.vaadin1.jar!/org/json/JSONObject.class

You may wish to exclude one of them to ensure predictable runtime behavior

2023-03-10 16:08:46 |WARN  |main |URLConfigurationSource.java:121 |com.netflix.config.sources.URLConfigurationSource |No URLs will be polled as dynamic configuration sources.
2023-03-10 16:08:46 |WARN  |main |URLConfigurationSource.java:121 |com.netflix.config.sources.URLConfigurationSource |No URLs will be polled as dynamic configuration sources.
2023-03-10 16:09:09 |WARN  |main |DuplicateJsonObjectContextCustomizerFactory.java:78 |org.springframework.boot.test.json.DuplicateJsonObjectContextCustomizerFactory$DuplicateJsonObjectContextCustomizer |

Found multiple occurrences of org.json.JSONObject on the class path:

	jar:file:/C:/Users/12042/.m2/repository/org/json/json/20170516/json-20170516.jar!/org/json/JSONObject.class
	jar:file:/C:/Users/12042/.m2/repository/com/vaadin/external/google/android-json/0.0.20131108.vaadin1/android-json-0.0.20131108.vaadin1.jar!/org/json/JSONObject.class

You may wish to exclude one of them to ensure predictable runtime behavior

2023-03-10 16:09:11 |WARN  |main |URLConfigurationSource.java:121 |com.netflix.config.sources.URLConfigurationSource |No URLs will be polled as dynamic configuration sources.
2023-03-10 16:09:11 |WARN  |main |URLConfigurationSource.java:121 |com.netflix.config.sources.URLConfigurationSource |No URLs will be polled as dynamic configuration sources.
