2023-03-21 13:44:22 |WARN  |main |DuplicateJsonObjectContextCustomizerFactory.java:78 |org.springframework.boot.test.json.DuplicateJsonObjectContextCustomizerFactory$DuplicateJsonObjectContextCustomizer |

Found multiple occurrences of org.json.JSONObject on the class path:

	jar:file:/D:/Developer/Maven/apache-maven-3.8.6/repository/org/json/json/20170516/json-20170516.jar!/org/json/JSONObject.class
	jar:file:/D:/Developer/Maven/apache-maven-3.8.6/repository/com/vaadin/external/google/android-json/0.0.20131108.vaadin1/android-json-0.0.20131108.vaadin1.jar!/org/json/JSONObject.class

You may wish to exclude one of them to ensure predictable runtime behavior

2023-03-21 13:44:23 |WARN  |main |EndpointId.java:155 |org.springframework.boot.actuate.endpoint.EndpointId |Endpoint ID 'nacos-discovery' contains invalid characters, please migrate to a valid format.
2023-03-21 13:44:23 |WARN  |main |EndpointId.java:155 |org.springframework.boot.actuate.endpoint.EndpointId |Endpoint ID 'service-registry' contains invalid characters, please migrate to a valid format.
2023-03-21 13:44:28 |WARN  |main |URLConfigurationSource.java:121 |com.netflix.config.sources.URLConfigurationSource |No URLs will be polled as dynamic configuration sources.
2023-03-21 13:44:28 |WARN  |main |URLConfigurationSource.java:121 |com.netflix.config.sources.URLConfigurationSource |No URLs will be polled as dynamic configuration sources.
2023-03-21 13:45:14 |WARN  |main |DuplicateJsonObjectContextCustomizerFactory.java:78 |org.springframework.boot.test.json.DuplicateJsonObjectContextCustomizerFactory$DuplicateJsonObjectContextCustomizer |

Found multiple occurrences of org.json.JSONObject on the class path:

	jar:file:/D:/Developer/Maven/apache-maven-3.8.6/repository/org/json/json/20170516/json-20170516.jar!/org/json/JSONObject.class
	jar:file:/D:/Developer/Maven/apache-maven-3.8.6/repository/com/vaadin/external/google/android-json/0.0.20131108.vaadin1/android-json-0.0.20131108.vaadin1.jar!/org/json/JSONObject.class

You may wish to exclude one of them to ensure predictable runtime behavior

2023-03-21 13:45:14 |WARN  |main |EndpointId.java:155 |org.springframework.boot.actuate.endpoint.EndpointId |Endpoint ID 'nacos-discovery' contains invalid characters, please migrate to a valid format.
2023-03-21 13:45:15 |WARN  |main |EndpointId.java:155 |org.springframework.boot.actuate.endpoint.EndpointId |Endpoint ID 'service-registry' contains invalid characters, please migrate to a valid format.
2023-03-21 13:45:19 |WARN  |main |URLConfigurationSource.java:121 |com.netflix.config.sources.URLConfigurationSource |No URLs will be polled as dynamic configuration sources.
2023-03-21 13:45:19 |WARN  |main |URLConfigurationSource.java:121 |com.netflix.config.sources.URLConfigurationSource |No URLs will be polled as dynamic configuration sources.
2023-03-21 13:46:39 |WARN  |main |DuplicateJsonObjectContextCustomizerFactory.java:78 |org.springframework.boot.test.json.DuplicateJsonObjectContextCustomizerFactory$DuplicateJsonObjectContextCustomizer |

Found multiple occurrences of org.json.JSONObject on the class path:

	jar:file:/D:/Developer/Maven/apache-maven-3.8.6/repository/org/json/json/20170516/json-20170516.jar!/org/json/JSONObject.class
	jar:file:/D:/Developer/Maven/apache-maven-3.8.6/repository/com/vaadin/external/google/android-json/0.0.20131108.vaadin1/android-json-0.0.20131108.vaadin1.jar!/org/json/JSONObject.class

You may wish to exclude one of them to ensure predictable runtime behavior

2023-03-21 13:46:40 |WARN  |main |EndpointId.java:155 |org.springframework.boot.actuate.endpoint.EndpointId |Endpoint ID 'nacos-discovery' contains invalid characters, please migrate to a valid format.
2023-03-21 13:46:40 |WARN  |main |EndpointId.java:155 |org.springframework.boot.actuate.endpoint.EndpointId |Endpoint ID 'service-registry' contains invalid characters, please migrate to a valid format.
2023-03-21 13:46:45 |WARN  |main |URLConfigurationSource.java:121 |com.netflix.config.sources.URLConfigurationSource |No URLs will be polled as dynamic configuration sources.
2023-03-21 13:46:45 |WARN  |main |URLConfigurationSource.java:121 |com.netflix.config.sources.URLConfigurationSource |No URLs will be polled as dynamic configuration sources.
